{"/Users/ltraore/Documents/formation/test/Utils/index.js": {"path":"/Users/ltraore/Documents/formation/test/Utils/index.js","statementMap":{"0":{"start":{"line":1,"column":13},"end":{"line":1,"column":75}},"1":{"start":{"line":1,"column":75},"end":{"line":1,"column":125}},"2":{"start":{"line":1,"column":145},"end":{"line":1,"column":229}},"3":{"start":{"line":1,"column":174},"end":{"line":1,"column":228}},"4":{"start":{"line":1,"column":205},"end":{"line":1,"column":225}},"5":{"start":{"line":1,"column":230},"end":{"line":1,"column":268}},"6":{"start":{"line":3,"column":15},"end":{"line":3,"column":77}},"7":{"start":{"line":3,"column":43},"end":{"line":3,"column":76}},"8":{"start":{"line":3,"column":78},"end":{"line":3,"column":106}}},"fnMap":{"0":{"name":"hasEvenNumber","decl":{"start":{"line":1,"column":154},"end":{"line":1,"column":167}},"loc":{"start":{"line":1,"column":173},"end":{"line":1,"column":229}},"line":1},"1":{"name":"(anonymous_1)","decl":{"start":{"line":1,"column":190},"end":{"line":1,"column":191}},"loc":{"start":{"line":1,"column":204},"end":{"line":1,"column":226}},"line":1},"2":{"name":"hasSpace","decl":{"start":{"line":3,"column":24},"end":{"line":3,"column":32}},"loc":{"start":{"line":3,"column":42},"end":{"line":3,"column":77}},"line":3}},"branchMap":{},"s":{"0":1,"1":1,"2":1,"3":1,"4":6,"5":1,"6":1,"7":1,"8":1},"f":{"0":1,"1":6,"2":1},"b":{},"_coverageSchema":"332fd63041d2c1bcb487cc26dd0d5f7d97098a6c","hash":"8115a463d02b297c41225d343921b6dbd1552731"}
,"/Users/ltraore/Documents/formation/test/app/Chap2.js": {"path":"/Users/ltraore/Documents/formation/test/app/Chap2.js","statementMap":{"0":{"start":{"line":1,"column":13},"end":{"line":1,"column":75}},"1":{"start":{"line":1,"column":75},"end":{"line":1,"column":100}},"2":{"start":{"line":1,"column":113},"end":{"line":1,"column":166}},"3":{"start":{"line":2,"column":19},"end":{"line":2,"column":42}},"4":{"start":{"line":3,"column":10},"end":{"line":3,"column":76}},"5":{"start":{"line":3,"column":96},"end":{"line":3,"column":150}},"6":{"start":{"line":6,"column":8},"end":{"line":12,"column":83}},"7":{"start":{"line":6,"column":49},"end":{"line":6,"column":90}},"8":{"start":{"line":6,"column":90},"end":{"line":6,"column":201}},"9":{"start":{"line":6,"column":202},"end":{"line":12,"column":10}},"10":{"start":{"line":8,"column":16},"end":{"line":8,"column":39}},"11":{"start":{"line":9,"column":6},"end":{"line":9,"column":168}},"12":{"start":{"line":12,"column":10},"end":{"line":12,"column":51}},"13":{"start":{"line":12,"column":51},"end":{"line":12,"column":64}},"14":{"start":{"line":12,"column":84},"end":{"line":12,"column":108}}},"fnMap":{"0":{"name":"(anonymous_0)","decl":{"start":{"line":6,"column":8},"end":{"line":6,"column":9}},"loc":{"start":{"line":6,"column":30},"end":{"line":12,"column":65}},"line":6},"1":{"name":"Chap2","decl":{"start":{"line":6,"column":40},"end":{"line":6,"column":45}},"loc":{"start":{"line":6,"column":48},"end":{"line":6,"column":202}},"line":6},"2":{"name":"render","decl":{"start":{"line":6,"column":268},"end":{"line":6,"column":274}},"loc":{"start":{"line":7,"column":4},"end":{"line":12,"column":5}},"line":7}},"branchMap":{},"s":{"0":1,"1":1,"2":1,"3":1,"4":1,"5":1,"6":1,"7":1,"8":1,"9":1,"10":1,"11":1,"12":1,"13":1,"14":1},"f":{"0":1,"1":1,"2":1},"b":{},"_coverageSchema":"332fd63041d2c1bcb487cc26dd0d5f7d97098a6c","hash":"a96f745a39061c45a8496b23962fe3b19b2d85d9"}
,"/Users/ltraore/Documents/formation/test/app/Chap9.js": {"path":"/Users/ltraore/Documents/formation/test/app/Chap9.js","statementMap":{"0":{"start":{"line":1,"column":13},"end":{"line":1,"column":75}},"1":{"start":{"line":1,"column":75},"end":{"line":1,"column":100}},"2":{"start":{"line":1,"column":113},"end":{"line":1,"column":166}},"3":{"start":{"line":2,"column":19},"end":{"line":2,"column":42}},"4":{"start":{"line":3,"column":23},"end":{"line":3,"column":87}},"5":{"start":{"line":3,"column":107},"end":{"line":3,"column":161}},"6":{"start":{"line":9,"column":0},"end":{"line":9,"column":37}},"7":{"start":{"line":9,"column":46},"end":{"line":9,"column":67}},"8":{"start":{"line":9,"column":77},"end":{"line":9,"column":99}},"9":{"start":{"line":11,"column":8},"end":{"line":52,"column":83}},"10":{"start":{"line":11,"column":92},"end":{"line":11,"column":133}},"11":{"start":{"line":11,"column":133},"end":{"line":11,"column":253}},"12":{"start":{"line":11,"column":223},"end":{"line":11,"column":252}},"13":{"start":{"line":11,"column":253},"end":{"line":36,"column":15}},"14":{"start":{"line":33,"column":6},"end":{"line":35,"column":7}},"15":{"start":{"line":34,"column":8},"end":{"line":34,"column":96}},"16":{"start":{"line":34,"column":56},"end":{"line":34,"column":93}},"17":{"start":{"line":36,"column":16},"end":{"line":52,"column":10}},"18":{"start":{"line":36,"column":135},"end":{"line":36,"column":139}},"19":{"start":{"line":36,"column":150},"end":{"line":36,"column":207}},"20":{"start":{"line":36,"column":208},"end":{"line":36,"column":436}},"21":{"start":{"line":36,"column":245},"end":{"line":36,"column":268}},"22":{"start":{"line":36,"column":301},"end":{"line":36,"column":385}},"23":{"start":{"line":36,"column":412},"end":{"line":36,"column":433}},"24":{"start":{"line":39,"column":6},"end":{"line":47,"column":261}},"25":{"start":{"line":46,"column":60},"end":{"line":46,"column":82}},"26":{"start":{"line":47,"column":60},"end":{"line":47,"column":69}},"27":{"start":{"line":47,"column":70},"end":{"line":47,"column":200}},"28":{"start":{"line":52,"column":10},"end":{"line":52,"column":51}},"29":{"start":{"line":52,"column":51},"end":{"line":52,"column":64}},"30":{"start":{"line":52,"column":84},"end":{"line":52,"column":108}}},"fnMap":{"0":{"name":"(anonymous_0)","decl":{"start":{"line":11,"column":8},"end":{"line":11,"column":9}},"loc":{"start":{"line":11,"column":30},"end":{"line":52,"column":65}},"line":11},"1":{"name":"Chap8","decl":{"start":{"line":11,"column":40},"end":{"line":11,"column":45}},"loc":{"start":{"line":11,"column":48},"end":{"line":36,"column":16}},"line":11},"2":{"name":"(anonymous_2)","decl":{"start":{"line":32,"column":13},"end":{"line":32,"column":14}},"loc":{"start":{"line":32,"column":33},"end":{"line":36,"column":5}},"line":32},"3":{"name":"(anonymous_3)","decl":{"start":{"line":34,"column":43},"end":{"line":34,"column":44}},"loc":{"start":{"line":34,"column":55},"end":{"line":34,"column":94}},"line":34},"4":{"name":"getMoviesFromApiAsync","decl":{"start":{"line":36,"column":97},"end":{"line":36,"column":118}},"loc":{"start":{"line":36,"column":121},"end":{"line":36,"column":437}},"line":36},"5":{"name":"(anonymous_5)","decl":{"start":{"line":36,"column":224},"end":{"line":36,"column":225}},"loc":{"start":{"line":36,"column":244},"end":{"line":36,"column":269}},"line":36},"6":{"name":"(anonymous_6)","decl":{"start":{"line":36,"column":276},"end":{"line":36,"column":277}},"loc":{"start":{"line":36,"column":300},"end":{"line":36,"column":386}},"line":36},"7":{"name":"(anonymous_7)","decl":{"start":{"line":36,"column":394},"end":{"line":36,"column":395}},"loc":{"start":{"line":36,"column":411},"end":{"line":36,"column":434}},"line":36},"8":{"name":"render","decl":{"start":{"line":36,"column":474},"end":{"line":36,"column":480}},"loc":{"start":{"line":38,"column":4},"end":{"line":52,"column":5}},"line":38},"9":{"name":"keyExtractor","decl":{"start":{"line":46,"column":33},"end":{"line":46,"column":45}},"loc":{"start":{"line":46,"column":59},"end":{"line":46,"column":83}},"line":46},"10":{"name":"renderItem","decl":{"start":{"line":47,"column":31},"end":{"line":47,"column":41}},"loc":{"start":{"line":47,"column":48},"end":{"line":47,"column":201}},"line":47}},"branchMap":{"0":{"loc":{"start":{"line":33,"column":6},"end":{"line":35,"column":7}},"type":"if","locations":[{"start":{"line":33,"column":6},"end":{"line":35,"column":7}},{"start":{"line":33,"column":6},"end":{"line":35,"column":7}}],"line":33},"1":{"loc":{"start":{"line":42,"column":8},"end":{"line":42,"column":153}},"type":"binary-expr","locations":[{"start":{"line":42,"column":8},"end":{"line":42,"column":28}},{"start":{"line":42,"column":32},"end":{"line":42,"column":153}}],"line":42},"2":{"loc":{"start":{"line":43,"column":8},"end":{"line":47,"column":258}},"type":"binary-expr","locations":[{"start":{"line":43,"column":8},"end":{"line":43,"column":39}},{"start":{"line":43,"column":43},"end":{"line":47,"column":258}}],"line":43}},"s":{"0":1,"1":1,"2":1,"3":1,"4":1,"5":1,"6":1,"7":1,"8":1,"9":1,"10":1,"11":1,"12":2,"13":1,"14":0,"15":0,"16":0,"17":1,"18":0,"19":0,"20":0,"21":0,"22":0,"23":0,"24":1,"25":0,"26":0,"27":0,"28":1,"29":1,"30":1},"f":{"0":1,"1":1,"2":0,"3":0,"4":0,"5":0,"6":0,"7":0,"8":1,"9":0,"10":0},"b":{"0":[0,0],"1":[1,0],"2":[1,0]},"_coverageSchema":"332fd63041d2c1bcb487cc26dd0d5f7d97098a6c","hash":"8b97f760abdb3a5da517cf98df0f66625cae47b4"}
,"/Users/ltraore/Documents/formation/test/app/SearchComponent.js": {"path":"/Users/ltraore/Documents/formation/test/app/SearchComponent.js","statementMap":{"0":{"start":{"line":1,"column":13},"end":{"line":1,"column":75}},"1":{"start":{"line":1,"column":75},"end":{"line":1,"column":100}},"2":{"start":{"line":1,"column":113},"end":{"line":1,"column":166}},"3":{"start":{"line":2,"column":19},"end":{"line":2,"column":42}},"4":{"start":{"line":2,"column":62},"end":{"line":2,"column":126}},"5":{"start":{"line":5,"column":0},"end":{"line":5,"column":37}},"6":{"start":{"line":5,"column":46},"end":{"line":5,"column":67}},"7":{"start":{"line":5,"column":77},"end":{"line":5,"column":99}},"8":{"start":{"line":7,"column":18},"end":{"line":26,"column":103}},"9":{"start":{"line":7,"column":69},"end":{"line":7,"column":120}},"10":{"start":{"line":7,"column":120},"end":{"line":7,"column":241}},"11":{"start":{"line":7,"column":242},"end":{"line":26,"column":10}},"12":{"start":{"line":11,"column":6},"end":{"line":11,"column":31}},"13":{"start":{"line":14,"column":17},"end":{"line":14,"column":21}},"14":{"start":{"line":15,"column":6},"end":{"line":23,"column":210}},"15":{"start":{"line":20,"column":53},"end":{"line":20,"column":96}},"16":{"start":{"line":21,"column":55},"end":{"line":21,"column":101}},"17":{"start":{"line":23,"column":110},"end":{"line":23,"column":149}},"18":{"start":{"line":26,"column":10},"end":{"line":26,"column":61}},"19":{"start":{"line":26,"column":61},"end":{"line":26,"column":84}},"20":{"start":{"line":26,"column":104},"end":{"line":26,"column":138}},"21":{"start":{"line":30,"column":13},"end":{"line":41,"column":23}}},"fnMap":{"0":{"name":"(anonymous_0)","decl":{"start":{"line":7,"column":18},"end":{"line":7,"column":19}},"loc":{"start":{"line":7,"column":40},"end":{"line":26,"column":85}},"line":7},"1":{"name":"SearchComponent","decl":{"start":{"line":7,"column":50},"end":{"line":7,"column":65}},"loc":{"start":{"line":7,"column":68},"end":{"line":7,"column":242}},"line":7},"2":{"name":"_searchTextInputChanged","decl":{"start":{"line":7,"column":335},"end":{"line":7,"column":358}},"loc":{"start":{"line":10,"column":10},"end":{"line":12,"column":5}},"line":10},"3":{"name":"render","decl":{"start":{"line":12,"column":42},"end":{"line":12,"column":48}},"loc":{"start":{"line":14,"column":4},"end":{"line":26,"column":5}},"line":14},"4":{"name":"onChangeText","decl":{"start":{"line":20,"column":33},"end":{"line":20,"column":45}},"loc":{"start":{"line":20,"column":52},"end":{"line":20,"column":97}},"line":20},"5":{"name":"onSubmitEditing","decl":{"start":{"line":21,"column":36},"end":{"line":21,"column":51}},"loc":{"start":{"line":21,"column":54},"end":{"line":21,"column":102}},"line":21},"6":{"name":"onPress","decl":{"start":{"line":23,"column":99},"end":{"line":23,"column":106}},"loc":{"start":{"line":23,"column":109},"end":{"line":23,"column":150}},"line":23}},"branchMap":{},"s":{"0":1,"1":1,"2":1,"3":1,"4":1,"5":1,"6":1,"7":1,"8":1,"9":1,"10":1,"11":1,"12":0,"13":1,"14":1,"15":0,"16":0,"17":0,"18":1,"19":1,"20":1,"21":1},"f":{"0":1,"1":1,"2":0,"3":1,"4":0,"5":0,"6":0},"b":{},"_coverageSchema":"332fd63041d2c1bcb487cc26dd0d5f7d97098a6c","hash":"0a44884b97bac35cc1e21ff0d651544f983be1a2"}
,"/Users/ltraore/Documents/formation/test/assets/NY1.jpg": {"path":"/Users/ltraore/Documents/formation/test/assets/NY1.jpg","statementMap":{"0":{"start":{"line":1,"column":0},"end":{"line":4,"column":6}}},"fnMap":{},"branchMap":{},"s":{"0":1},"f":{},"b":{},"_coverageSchema":"332fd63041d2c1bcb487cc26dd0d5f7d97098a6c","hash":"8d00f0146b789a4b4698d61dbfbfcaaa8b8900ee"}
}
