TN:
SF:/Users/ltraore/Documents/formation/test/Utils/index.js
FN:1,hasEvenNumber
FN:1,(anonymous_1)
FN:3,hasSpace
FNF:3
FNH:3
FNDA:1,hasEvenNumber
FNDA:6,(anonymous_1)
FNDA:1,hasSpace
DA:1,6
DA:3,1
LF:2
LH:2
BRF:0
BRH:0
end_of_record
TN:
SF:/Users/ltraore/Documents/formation/test/app/Chap2.js
FN:6,(anonymous_0)
FN:6,Chap2
FN:6,render
FNF:3
FNH:3
FNDA:1,(anonymous_0)
FNDA:1,Chap2
FNDA:1,render
DA:1,1
DA:2,1
DA:3,1
DA:6,1
DA:8,1
DA:9,1
DA:12,1
LF:7
LH:7
BRF:0
BRH:0
end_of_record
TN:
SF:/Users/ltraore/Documents/formation/test/app/Chap9.js
FN:11,(anonymous_0)
FN:11,Chap8
FN:32,(anonymous_2)
FN:34,(anonymous_3)
FN:36,getMoviesFromApiAsync
FN:36,(anonymous_5)
FN:36,(anonymous_6)
FN:36,(anonymous_7)
FN:36,render
FN:46,keyExtractor
FN:47,renderItem
FNF:11
FNH:3
FNDA:1,(anonymous_0)
FNDA:1,Chap8
FNDA:0,(anonymous_2)
FNDA:0,(anonymous_3)
FNDA:0,getMoviesFromApiAsync
FNDA:0,(anonymous_5)
FNDA:0,(anonymous_6)
FNDA:0,(anonymous_7)
FNDA:1,render
FNDA:0,keyExtractor
FNDA:0,renderItem
DA:1,1
DA:2,1
DA:3,1
DA:9,1
DA:11,2
DA:33,0
DA:34,0
DA:36,1
DA:39,1
DA:46,0
DA:47,0
DA:52,1
LF:12
LH:8
BRDA:33,0,0,0
BRDA:33,0,1,0
BRDA:42,1,0,1
BRDA:42,1,1,0
BRDA:43,2,0,1
BRDA:43,2,1,0
BRF:6
BRH:2
end_of_record
TN:
SF:/Users/ltraore/Documents/formation/test/app/SearchComponent.js
FN:7,(anonymous_0)
FN:7,SearchComponent
FN:7,_searchTextInputChanged
FN:12,render
FN:20,onChangeText
FN:21,onSubmitEditing
FN:23,onPress
FNF:7
FNH:3
FNDA:1,(anonymous_0)
FNDA:1,SearchComponent
FNDA:0,_searchTextInputChanged
FNDA:1,render
FNDA:0,onChangeText
FNDA:0,onSubmitEditing
FNDA:0,onPress
DA:1,1
DA:2,1
DA:5,1
DA:7,1
DA:11,0
DA:14,1
DA:15,1
DA:20,0
DA:21,0
DA:23,0
DA:26,1
DA:30,1
LF:12
LH:8
BRF:0
BRH:0
end_of_record
TN:
SF:/Users/ltraore/Documents/formation/test/assets/NY1.jpg
FNF:0
FNH:0
DA:1,1
LF:1
LH:1
BRF:0
BRH:0
end_of_record
